<?xml version="1.0" encoding="UTF-8"?>
<testsuite xmlns:xsi="http://www.w3.org/2001/XMLSchema-instance" xsi:noNamespaceSchemaLocation="https://maven.apache.org/surefire/maven-surefire-plugin/xsd/surefire-test-report.xsd" version="3.0.2" name="com.peer.orders.controller.OrderControllerIntegrationTest" time="1.371" tests="9" errors="0" skipped="0" failures="0">
  <properties>
[...]
</properties>
  <testcase name="testUpdateStatusInvalid" classname="com.peer.orders.controller.OrderControllerIntegrationTest" time="0.052">
    <system-out><![CDATA[2025-11-17T11:08:19.231+05:30  INFO 77557 --- [           main] t.c.s.AnnotationConfigContextLoaderUtils : Could not detect default configuration classes for test class [com.peer.orders.controller.OrderControllerIntegrationTest]: OrderControllerIntegrationTest does not declare any static, non-private, non-final, nested classes annotated with @Configuration.
2025-11-17T11:08:19.239+05:30  INFO 77557 --- [           main] .b.t.c.SpringBootTestContextBootstrapper : Found @SpringBootConfiguration com.peer.orders.OrderProcessingSystemApplication for test class com.peer.orders.controller.OrderControllerIntegrationTest

  .   ____          _            __ _ _
 /\\ / ___'_ __ _ _(_)_ __  __ _ \ \ \ \
( ( )\___ | '_ | '_| | '_ \/ _` | \ \ \ \
 \\/  ___)| |_)| | | | | || (_| |  ) ) ) )
  '  |____| .__|_| |_|_| |_\__, | / / / /
 =========|_|==============|___/=/_/_/_/

 :: Spring Boot ::                (v3.5.7)

2025-11-17T11:08:19.264+05:30  INFO 77557 --- [           main] c.p.o.c.OrderControllerIntegrationTest   : Starting OrderControllerIntegrationTest using Java 21.0.9 with PID 77557 (started by sandeepsunny in /Users/sandeepsunny/Downloads/order-processing-system)
2025-11-17T11:08:19.264+05:30  INFO 77557 --- [           main] c.p.o.c.OrderControllerIntegrationTest   : No active profile set, falling back to 1 default profile: "default"
2025-11-17T11:08:19.550+05:30  INFO 77557 --- [           main] .s.d.r.c.RepositoryConfigurationDelegate : Bootstrapping Spring Data JPA repositories in DEFAULT mode.
2025-11-17T11:08:19.555+05:30  INFO 77557 --- [           main] .s.d.r.c.RepositoryConfigurationDelegate : Finished Spring Data repository scanning in 3 ms. Found 1 JPA repository interface.
2025-11-17T11:08:19.737+05:30  INFO 77557 --- [           main] o.hibernate.jpa.internal.util.LogHelper  : HHH000204: Processing PersistenceUnitInfo [name: default]
2025-11-17T11:08:19.739+05:30  INFO 77557 --- [           main] o.h.c.internal.RegionFactoryInitiator    : HHH000026: Second-level cache disabled
2025-11-17T11:08:19.744+05:30  INFO 77557 --- [           main] o.s.o.j.p.SpringPersistenceUnitInfo      : No LoadTimeWeaver setup: ignoring JPA class transformer
2025-11-17T11:08:19.746+05:30  INFO 77557 --- [           main] com.zaxxer.hikari.HikariDataSource       : HikariPool-1 - Starting...
2025-11-17T11:08:19.760+05:30  INFO 77557 --- [           main] com.zaxxer.hikari.pool.HikariPool        : HikariPool-1 - Added connection conn5: url=jdbc:h2:mem:ordersdb user=SA
2025-11-17T11:08:19.762+05:30  INFO 77557 --- [           main] com.zaxxer.hikari.HikariDataSource       : HikariPool-1 - Start completed.
2025-11-17T11:08:19.779+05:30  INFO 77557 --- [           main] org.hibernate.orm.connections.pooling    : HHH10001005: Database info:
	Database JDBC URL [Connecting through datasource 'HikariDataSource (HikariPool-1)']
	Database driver: undefined/unknown
	Database version: 2.3.232
	Autocommit mode: undefined/unknown
	Isolation level: undefined/unknown
	Minimum pool size: undefined/unknown
	Maximum pool size: undefined/unknown
2025-11-17T11:08:19.804+05:30  INFO 77557 --- [           main] o.h.e.t.j.p.i.JtaPlatformInitiator       : HHH000489: No JTA platform available (set 'hibernate.transaction.jta.platform' to enable JTA platform integration)
2025-11-17T11:08:19.813+05:30 DEBUG 77557 --- [           main] org.hibernate.SQL                        : create table order_items (id bigint generated by default as identity, name varchar(255), price numeric(38,2), product_id varchar(255), quantity integer not null, order_id bigint, primary key (id))
2025-11-17T11:08:19.815+05:30 DEBUG 77557 --- [           main] org.hibernate.SQL                        : create table orders (id bigint generated by default as identity, created_at timestamp(6) with time zone, customer_id varchar(255), status enum ('CANCELLED','DELIVERED','PENDING','PROCESSING','SHIPPED'), total_amount numeric(38,2), primary key (id))
2025-11-17T11:08:19.815+05:30 DEBUG 77557 --- [           main] org.hibernate.SQL                        : alter table if exists order_items add constraint FKbioxgbv59vetrxe0ejfubep1w foreign key (order_id) references orders
2025-11-17T11:08:19.816+05:30  INFO 77557 --- [           main] j.LocalContainerEntityManagerFactoryBean : Initialized JPA EntityManagerFactory for persistence unit 'default'
2025-11-17T11:08:19.960+05:30  WARN 77557 --- [           main] JpaBaseConfiguration$JpaWebConfiguration : spring.jpa.open-in-view is enabled by default. Therefore, database queries may be performed during view rendering. Explicitly configure spring.jpa.open-in-view to disable this warning
2025-11-17T11:08:20.119+05:30  INFO 77557 --- [           main] o.s.b.a.e.web.EndpointLinksResolver      : Exposing 1 endpoint beneath base path '/actuator'
2025-11-17T11:08:20.133+05:30  WARN 77557 --- [           main] .s.s.UserDetailsServiceAutoConfiguration : 

Using generated security password: 02d59a51-fed9-4377-902f-bf76dd8c4707

This generated password is for development use only. Your security configuration must be updated before running your application in production.

2025-11-17T11:08:20.136+05:30  INFO 77557 --- [           main] r$InitializeUserDetailsManagerConfigurer : Global AuthenticationManager configured with UserDetailsService bean with name inMemoryUserDetailsManager
2025-11-17T11:08:20.334+05:30  INFO 77557 --- [           main] o.s.b.a.h2.H2ConsoleAutoConfiguration    : H2 console available at '/h2-console'. Database available at 'jdbc:h2:mem:ordersdb'
2025-11-17T11:08:20.342+05:30  INFO 77557 --- [           main] o.s.b.t.m.w.SpringBootMockServletContext : Initializing Spring TestDispatcherServlet ''
2025-11-17T11:08:20.342+05:30  INFO 77557 --- [           main] o.s.t.web.servlet.TestDispatcherServlet  : Initializing Servlet ''
2025-11-17T11:08:20.343+05:30  INFO 77557 --- [           main] o.s.t.web.servlet.TestDispatcherServlet  : Completed initialization in 0 ms
2025-11-17T11:08:20.374+05:30  INFO 77557 --- [           main] c.p.o.c.OrderControllerIntegrationTest   : Started OrderControllerIntegrationTest in 1.128 seconds (process running for 3.137)
2025-11-17T11:08:20.421+05:30 DEBUG 77557 --- [           main] org.hibernate.SQL                        : select oe1_0.id,oe1_0.created_at,oe1_0.customer_id,oe1_0.status,oe1_0.total_amount from orders oe1_0
2025-11-17T11:08:20.426+05:30 DEBUG 77557 --- [           main] org.hibernate.SQL                        : insert into orders (created_at,customer_id,status,total_amount,id) values (?,?,?,?,default)
2025-11-17T11:08:20.427+05:30 DEBUG 77557 --- [           main] org.hibernate.SQL                        : insert into order_items (name,order_id,price,product_id,quantity,id) values (?,?,?,?,?,default)
]]></system-out>
  </testcase>
  <testcase name="testGetOrder" classname="com.peer.orders.controller.OrderControllerIntegrationTest" time="0.047">
    <system-out><![CDATA[2025-11-17T11:08:20.467+05:30 DEBUG 77557 --- [           main] org.hibernate.SQL                        : select oe1_0.id,oe1_0.created_at,oe1_0.customer_id,oe1_0.status,oe1_0.total_amount from orders oe1_0
2025-11-17T11:08:20.470+05:30 DEBUG 77557 --- [           main] org.hibernate.SQL                        : select i1_0.order_id,i1_0.id,i1_0.name,i1_0.price,i1_0.product_id,i1_0.quantity from order_items i1_0 where i1_0.order_id=?
2025-11-17T11:08:20.474+05:30 DEBUG 77557 --- [           main] org.hibernate.SQL                        : delete from order_items where id=?
2025-11-17T11:08:20.475+05:30 DEBUG 77557 --- [           main] org.hibernate.SQL                        : delete from orders where id=?
2025-11-17T11:08:20.476+05:30 DEBUG 77557 --- [           main] org.hibernate.SQL                        : insert into orders (created_at,customer_id,status,total_amount,id) values (?,?,?,?,default)
2025-11-17T11:08:20.476+05:30 DEBUG 77557 --- [           main] org.hibernate.SQL                        : insert into order_items (name,order_id,price,product_id,quantity,id) values (?,?,?,?,?,default)
2025-11-17T11:08:20.479+05:30 DEBUG 77557 --- [           main] org.hibernate.SQL                        : select oe1_0.id,oe1_0.created_at,oe1_0.customer_id,oe1_0.status,oe1_0.total_amount from orders oe1_0 where oe1_0.id=?
2025-11-17T11:08:20.479+05:30 DEBUG 77557 --- [           main] org.hibernate.SQL                        : select i1_0.order_id,i1_0.id,i1_0.name,i1_0.price,i1_0.product_id,i1_0.quantity from order_items i1_0 where i1_0.order_id=?
]]></system-out>
  </testcase>
  <testcase name="testCreateOrder" classname="com.peer.orders.controller.OrderControllerIntegrationTest" time="0.037">
    <system-out><![CDATA[2025-11-17T11:08:20.514+05:30 DEBUG 77557 --- [           main] org.hibernate.SQL                        : select oe1_0.id,oe1_0.created_at,oe1_0.customer_id,oe1_0.status,oe1_0.total_amount from orders oe1_0
2025-11-17T11:08:20.515+05:30 DEBUG 77557 --- [           main] org.hibernate.SQL                        : select i1_0.order_id,i1_0.id,i1_0.name,i1_0.price,i1_0.product_id,i1_0.quantity from order_items i1_0 where i1_0.order_id=?
2025-11-17T11:08:20.516+05:30 DEBUG 77557 --- [           main] org.hibernate.SQL                        : delete from order_items where id=?
2025-11-17T11:08:20.516+05:30 DEBUG 77557 --- [           main] org.hibernate.SQL                        : delete from orders where id=?
2025-11-17T11:08:20.544+05:30 DEBUG 77557 --- [           main] org.hibernate.SQL                        : insert into orders (created_at,customer_id,status,total_amount,id) values (?,?,?,?,default)
2025-11-17T11:08:20.544+05:30 DEBUG 77557 --- [           main] org.hibernate.SQL                        : insert into order_items (name,order_id,price,product_id,quantity,id) values (?,?,?,?,?,default)
]]></system-out>
  </testcase>
  <testcase name="testCancelOrderAlreadyProcessing" classname="com.peer.orders.controller.OrderControllerIntegrationTest" time="0.008">
    <system-out><![CDATA[2025-11-17T11:08:20.552+05:30 DEBUG 77557 --- [           main] org.hibernate.SQL                        : select oe1_0.id,oe1_0.created_at,oe1_0.customer_id,oe1_0.status,oe1_0.total_amount from orders oe1_0
2025-11-17T11:08:20.552+05:30 DEBUG 77557 --- [           main] org.hibernate.SQL                        : select i1_0.order_id,i1_0.id,i1_0.name,i1_0.price,i1_0.product_id,i1_0.quantity from order_items i1_0 where i1_0.order_id=?
2025-11-17T11:08:20.553+05:30 DEBUG 77557 --- [           main] org.hibernate.SQL                        : delete from order_items where id=?
2025-11-17T11:08:20.553+05:30 DEBUG 77557 --- [           main] org.hibernate.SQL                        : delete from orders where id=?
2025-11-17T11:08:20.554+05:30 DEBUG 77557 --- [           main] org.hibernate.SQL                        : insert into orders (created_at,customer_id,status,total_amount,id) values (?,?,?,?,default)
2025-11-17T11:08:20.554+05:30 DEBUG 77557 --- [           main] org.hibernate.SQL                        : insert into order_items (name,order_id,price,product_id,quantity,id) values (?,?,?,?,?,default)
2025-11-17T11:08:20.555+05:30 DEBUG 77557 --- [           main] org.hibernate.SQL                        : select oe1_0.id,oe1_0.created_at,oe1_0.customer_id,oe1_0.status,oe1_0.total_amount from orders oe1_0 where oe1_0.id=?
]]></system-out>
  </testcase>
  <testcase name="testListOrders" classname="com.peer.orders.controller.OrderControllerIntegrationTest" time="0.009">
    <system-out><![CDATA[2025-11-17T11:08:20.560+05:30 DEBUG 77557 --- [           main] org.hibernate.SQL                        : select oe1_0.id,oe1_0.created_at,oe1_0.customer_id,oe1_0.status,oe1_0.total_amount from orders oe1_0
2025-11-17T11:08:20.560+05:30 DEBUG 77557 --- [           main] org.hibernate.SQL                        : select i1_0.order_id,i1_0.id,i1_0.name,i1_0.price,i1_0.product_id,i1_0.quantity from order_items i1_0 where i1_0.order_id=?
2025-11-17T11:08:20.561+05:30 DEBUG 77557 --- [           main] org.hibernate.SQL                        : delete from order_items where id=?
2025-11-17T11:08:20.561+05:30 DEBUG 77557 --- [           main] org.hibernate.SQL                        : delete from orders where id=?
2025-11-17T11:08:20.562+05:30 DEBUG 77557 --- [           main] org.hibernate.SQL                        : insert into orders (created_at,customer_id,status,total_amount,id) values (?,?,?,?,default)
2025-11-17T11:08:20.562+05:30 DEBUG 77557 --- [           main] org.hibernate.SQL                        : insert into order_items (name,order_id,price,product_id,quantity,id) values (?,?,?,?,?,default)
2025-11-17T11:08:20.564+05:30 DEBUG 77557 --- [           main] org.hibernate.SQL                        : select oe1_0.id,oe1_0.created_at,oe1_0.customer_id,oe1_0.status,oe1_0.total_amount from orders oe1_0
2025-11-17T11:08:20.564+05:30 DEBUG 77557 --- [           main] org.hibernate.SQL                        : select i1_0.order_id,i1_0.id,i1_0.name,i1_0.price,i1_0.product_id,i1_0.quantity from order_items i1_0 where i1_0.order_id=?
]]></system-out>
  </testcase>
  <testcase name="testUpdateStatus" classname="com.peer.orders.controller.OrderControllerIntegrationTest" time="0.013">
    <system-out><![CDATA[2025-11-17T11:08:20.569+05:30 DEBUG 77557 --- [           main] org.hibernate.SQL                        : select oe1_0.id,oe1_0.created_at,oe1_0.customer_id,oe1_0.status,oe1_0.total_amount from orders oe1_0
2025-11-17T11:08:20.569+05:30 DEBUG 77557 --- [           main] org.hibernate.SQL                        : select i1_0.order_id,i1_0.id,i1_0.name,i1_0.price,i1_0.product_id,i1_0.quantity from order_items i1_0 where i1_0.order_id=?
2025-11-17T11:08:20.570+05:30 DEBUG 77557 --- [           main] org.hibernate.SQL                        : delete from order_items where id=?
2025-11-17T11:08:20.570+05:30 DEBUG 77557 --- [           main] org.hibernate.SQL                        : delete from orders where id=?
2025-11-17T11:08:20.571+05:30 DEBUG 77557 --- [           main] org.hibernate.SQL                        : insert into orders (created_at,customer_id,status,total_amount,id) values (?,?,?,?,default)
2025-11-17T11:08:20.571+05:30 DEBUG 77557 --- [           main] org.hibernate.SQL                        : insert into order_items (name,order_id,price,product_id,quantity,id) values (?,?,?,?,?,default)
2025-11-17T11:08:20.572+05:30 DEBUG 77557 --- [           main] org.hibernate.SQL                        : select oe1_0.id,oe1_0.created_at,oe1_0.customer_id,oe1_0.status,oe1_0.total_amount from orders oe1_0 where oe1_0.id=?
2025-11-17T11:08:20.575+05:30 DEBUG 77557 --- [           main] org.hibernate.SQL                        : update orders set created_at=?,customer_id=?,status=?,total_amount=? where id=?
2025-11-17T11:08:20.578+05:30 DEBUG 77557 --- [           main] org.hibernate.SQL                        : select oe1_0.id,oe1_0.created_at,oe1_0.customer_id,oe1_0.status,oe1_0.total_amount from orders oe1_0 where oe1_0.id=?
2025-11-17T11:08:20.578+05:30 DEBUG 77557 --- [           main] org.hibernate.SQL                        : select i1_0.order_id,i1_0.id,i1_0.name,i1_0.price,i1_0.product_id,i1_0.quantity from order_items i1_0 where i1_0.order_id=?
]]></system-out>
  </testcase>
  <testcase name="testListOrdersByStatus" classname="com.peer.orders.controller.OrderControllerIntegrationTest" time="0.009">
    <system-out><![CDATA[2025-11-17T11:08:20.582+05:30 DEBUG 77557 --- [           main] org.hibernate.SQL                        : select oe1_0.id,oe1_0.created_at,oe1_0.customer_id,oe1_0.status,oe1_0.total_amount from orders oe1_0
2025-11-17T11:08:20.582+05:30 DEBUG 77557 --- [           main] org.hibernate.SQL                        : select i1_0.order_id,i1_0.id,i1_0.name,i1_0.price,i1_0.product_id,i1_0.quantity from order_items i1_0 where i1_0.order_id=?
2025-11-17T11:08:20.583+05:30 DEBUG 77557 --- [           main] org.hibernate.SQL                        : delete from order_items where id=?
2025-11-17T11:08:20.583+05:30 DEBUG 77557 --- [           main] org.hibernate.SQL                        : delete from orders where id=?
2025-11-17T11:08:20.584+05:30 DEBUG 77557 --- [           main] org.hibernate.SQL                        : insert into orders (created_at,customer_id,status,total_amount,id) values (?,?,?,?,default)
2025-11-17T11:08:20.584+05:30 DEBUG 77557 --- [           main] org.hibernate.SQL                        : insert into order_items (name,order_id,price,product_id,quantity,id) values (?,?,?,?,?,default)
2025-11-17T11:08:20.586+05:30 DEBUG 77557 --- [           main] org.hibernate.SQL                        : select oe1_0.id,oe1_0.created_at,oe1_0.customer_id,oe1_0.status,oe1_0.total_amount from orders oe1_0 where oe1_0.status=?
2025-11-17T11:08:20.587+05:30 DEBUG 77557 --- [           main] org.hibernate.SQL                        : select i1_0.order_id,i1_0.id,i1_0.name,i1_0.price,i1_0.product_id,i1_0.quantity from order_items i1_0 where i1_0.order_id=?
]]></system-out>
  </testcase>
  <testcase name="testGetOrderNotFound" classname="com.peer.orders.controller.OrderControllerIntegrationTest" time="0.006">
    <system-out><![CDATA[2025-11-17T11:08:20.591+05:30 DEBUG 77557 --- [           main] org.hibernate.SQL                        : select oe1_0.id,oe1_0.created_at,oe1_0.customer_id,oe1_0.status,oe1_0.total_amount from orders oe1_0
2025-11-17T11:08:20.591+05:30 DEBUG 77557 --- [           main] org.hibernate.SQL                        : select i1_0.order_id,i1_0.id,i1_0.name,i1_0.price,i1_0.product_id,i1_0.quantity from order_items i1_0 where i1_0.order_id=?
2025-11-17T11:08:20.592+05:30 DEBUG 77557 --- [           main] org.hibernate.SQL                        : delete from order_items where id=?
2025-11-17T11:08:20.592+05:30 DEBUG 77557 --- [           main] org.hibernate.SQL                        : delete from orders where id=?
2025-11-17T11:08:20.593+05:30 DEBUG 77557 --- [           main] org.hibernate.SQL                        : select oe1_0.id,oe1_0.created_at,oe1_0.customer_id,oe1_0.status,oe1_0.total_amount from orders oe1_0 where oe1_0.id=?
]]></system-out>
  </testcase>
  <testcase name="testCancelOrder" classname="com.peer.orders.controller.OrderControllerIntegrationTest" time="0.006">
    <system-out><![CDATA[2025-11-17T11:08:20.597+05:30 DEBUG 77557 --- [           main] org.hibernate.SQL                        : select oe1_0.id,oe1_0.created_at,oe1_0.customer_id,oe1_0.status,oe1_0.total_amount from orders oe1_0
2025-11-17T11:08:20.597+05:30 DEBUG 77557 --- [           main] org.hibernate.SQL                        : insert into orders (created_at,customer_id,status,total_amount,id) values (?,?,?,?,default)
2025-11-17T11:08:20.598+05:30 DEBUG 77557 --- [           main] org.hibernate.SQL                        : insert into order_items (name,order_id,price,product_id,quantity,id) values (?,?,?,?,?,default)
2025-11-17T11:08:20.599+05:30 DEBUG 77557 --- [           main] org.hibernate.SQL                        : select oe1_0.id,oe1_0.created_at,oe1_0.customer_id,oe1_0.status,oe1_0.total_amount from orders oe1_0 where oe1_0.id=?
2025-11-17T11:08:20.599+05:30 DEBUG 77557 --- [           main] org.hibernate.SQL                        : update orders set created_at=?,customer_id=?,status=?,total_amount=? where id=?
]]></system-out>
  </testcase>
</testsuite>